<?xml version="1.0" encoding="UTF-8"?>
<!-- Generated by org.testng.reporters.JUnitReportReporter -->
<testsuite skipped="0" hostname="DESKTOP-R4ROKKV" name="test.AddCustomerTest" tests="1" failures="0" timestamp="27 Jun 2021 17:54:07 GMT" time="42.421" errors="0">
  <testcase name="validUserShouldBeAbleToCreateCustomer" time="42.421" classname="test.AddCustomerTest"/>
</testsuite> <!-- test.AddCustomerTest -->
